Build started 20/03/2015 23:23:37.
     1>Project "C:\Users\Asus\Desktop\Universidade\3º Ano\CG\Gerador\Gerador\Gerador.vcxproj" on node 2 (Build target(s)).
     1>ClCompile:
         C:\Program Files (x86)\Microsoft Visual Studio 12.0\VC\bin\CL.exe /c /Zi /nologo /W3 /WX- /O2 /Oi /Oy- /GL /D WIN32 /D NDEBUG /D _CONSOLE /D _LIB /D _UNICODE /D UNICODE /Gm- /EHsc /MD /GS /Gy /fp:precise /Zc:wchar_t /Zc:forScope /Fo"Release\\" /Fd"Release\vc120.pdb" /Gd /TP /analyze- /errorReport:prompt Gerador.cpp
         Gerador.cpp
     1>Gerador.cpp(130): warning C4244: '+=' : conversion from 'double' to 'float', possible loss of data
     1>Gerador.cpp(146): warning C4305: '=' : truncation from 'double' to 'float'
     1>Gerador.cpp(147): warning C4244: '=' : conversion from 'double' to 'float', possible loss of data
     1>Gerador.cpp(160): warning C4244: '+=' : conversion from 'double' to 'float', possible loss of data
     1>Gerador.cpp(163): warning C4244: '=' : conversion from 'double' to 'float', possible loss of data
     1>Gerador.cpp(173): warning C4244: 'argument' : conversion from 'double' to 'float', possible loss of data
     1>Gerador.cpp(184): warning C4244: 'argument' : conversion from 'double' to 'float', possible loss of data
     1>Gerador.cpp(195): warning C4244: 'argument' : conversion from 'double' to 'float', possible loss of data
     1>Gerador.cpp(206): warning C4244: 'argument' : conversion from 'double' to 'float', possible loss of data
       Link:
         C:\Program Files (x86)\Microsoft Visual Studio 12.0\VC\bin\link.exe /ERRORREPORT:PROMPT /OUT:"C:\Users\Asus\Desktop\Universidade\3º Ano\CG\Gerador\Release\Gerador.exe" /INCREMENTAL:NO /NOLOGO kernel32.lib user32.lib gdi32.lib winspool.lib comdlg32.lib advapi32.lib shell32.lib ole32.lib oleaut32.lib uuid.lib odbc32.lib odbccp32.lib /MANIFEST /MANIFESTUAC:"level='asInvoker' uiAccess='false'" /manifest:embed /DEBUG /PDB:"C:\Users\Asus\Desktop\Universidade\3º Ano\CG\Gerador\Release\Gerador.pdb" /SUBSYSTEM:CONSOLE /OPT:REF /OPT:ICF /LTCG /TLBID:1 /DYNAMICBASE /NXCOMPAT /IMPLIB:"C:\Users\Asus\Desktop\Universidade\3º Ano\CG\Gerador\Release\Gerador.lib" /MACHINE:X86 /SAFESEH Release\Gerador.obj
         Generating code
         Finished generating code
         Gerador.vcxproj -> C:\Users\Asus\Desktop\Universidade\3º Ano\CG\Gerador\Release\Gerador.exe
     1>Done Building Project "C:\Users\Asus\Desktop\Universidade\3º Ano\CG\Gerador\Gerador\Gerador.vcxproj" (Build target(s)).

Build succeeded.

Time Elapsed 00:00:01.50
